<?xml version="1.0" encoding="UTF-8"?>
<!-- Generated by org.testng.reporters.JUnitXMLReporter -->
<testsuite hostname="DESKTOP-APKP2PU" ignored="0" name="Test" tests="1" failures="1" timestamp="29 Jan 2020 17:36:55 GMT" time="13.764" errors="0">
  <testcase name="feature" time="13.246" classname="Runner.TestRunner_LoginPage">
    <failure type="java.lang.AssertionError" message="null">
      <![CDATA[java.lang.AssertionError: null
at StepDefintions.AkashLoginSteps.user_succesfully_logins_into_the_application(AkashLoginSteps.java:107)
at ✽.User succesfully logins into the application(src/test/resources/Features/AkashLogin.feature:12)
... Removed 2 stack frames]]>
    </failure>
  </testcase> <!-- feature -->
</testsuite> <!-- Test -->
