<?xml version="1.0" encoding="UTF-8"?>
<testng-results skipped="0" failed="0" ignored="0" total="1" passed="1">
  <reporter-output>
    <line>
      <![CDATA[Url is navigated]]>
    </line>
    <line>
      <![CDATA[Credentials entered]]>
    </line>
    <line>
      <![CDATA[Login button Clicked]]>
    </line>
  </reporter-output>
  <suite name="Surefire suite" duration-ms="6627" started-at="2019-10-25T07:15:41Z" finished-at="2019-10-25T07:15:48Z">
    <groups>
    </groups>
    <test name="Surefire test" duration-ms="6627" started-at="2019-10-25T07:15:41Z" finished-at="2019-10-25T07:15:48Z">
      <class name="Runner.TestRunner_LoginPage">
        <test-method status="PASS" signature="setUpClass()[pri:0, instance:Runner.TestRunner_LoginPage@6537cf78]" name="setUpClass" is-config="true" duration-ms="118" started-at="2019-10-25T07:15:41Z" finished-at="2019-10-25T07:15:41Z">
          <reporter-output>
          </reporter-output>
        </test-method> <!-- setUpClass -->
        <test-method status="PASS" signature="feature(cucumber.api.testng.PickleEventWrapper, cucumber.api.testng.CucumberFeatureWrapper)[pri:0, instance:Runner.TestRunner_LoginPage@6537cf78]" name="feature" duration-ms="6442" started-at="2019-10-25T07:15:41Z" data-provider="features" finished-at="2019-10-25T07:15:48Z">
          <params>
            <param index="0">
              <value>
                <![CDATA["To test valid login functionality of elearning app"]]>
              </value>
            </param>
            <param index="1">
              <value>
                <![CDATA["To test the login functionality of the application"]]>
              </value>
            </param>
          </params>
          <reporter-output>
            <line>
              <![CDATA[Url is navigated]]>
            </line>
            <line>
              <![CDATA[Credentials entered]]>
            </line>
            <line>
              <![CDATA[Login button Clicked]]>
            </line>
          </reporter-output>
        </test-method> <!-- feature -->
        <test-method status="PASS" signature="tearDownClass()[pri:0, instance:Runner.TestRunner_LoginPage@6537cf78]" name="tearDownClass" is-config="true" duration-ms="5" started-at="2019-10-25T07:15:48Z" finished-at="2019-10-25T07:15:48Z">
          <reporter-output>
          </reporter-output>
        </test-method> <!-- tearDownClass -->
      </class> <!-- Runner.TestRunner_LoginPage -->
    </test> <!-- Surefire test -->
  </suite> <!-- Surefire suite -->
</testng-results>
