<?xml version="1.0" encoding="UTF-8"?>
<testng-results skipped="0" failed="0" ignored="0" total="1" passed="1">
  <reporter-output>
    <line>
      <![CDATA[Url is navigated]]>
    </line>
    <line>
      <![CDATA[Credentials entered]]>
    </line>
    <line>
      <![CDATA[Login button Clicked]]>
    </line>
  </reporter-output>
  <suite name="Suite" duration-ms="14053" started-at="2020-01-12T05:03:03Z" finished-at="2020-01-12T05:03:17Z">
    <groups>
    </groups>
    <test name="Test" duration-ms="14053" started-at="2020-01-12T05:03:03Z" finished-at="2020-01-12T05:03:17Z">
      <class name="Runner.TestRunner_LoginPage">
        <test-method status="PASS" signature="setUpClass()[pri:0, instance:Runner.TestRunner_LoginPage@1e127982]" name="setUpClass" is-config="true" duration-ms="89" started-at="2020-01-12T05:03:03Z" finished-at="2020-01-12T05:03:03Z">
          <reporter-output>
          </reporter-output>
        </test-method> <!-- setUpClass -->
        <test-method status="PASS" signature="feature(cucumber.api.testng.PickleEventWrapper, cucumber.api.testng.CucumberFeatureWrapper)[pri:0, instance:Runner.TestRunner_LoginPage@1e127982]" name="feature" duration-ms="13706" started-at="2020-01-12T05:03:03Z" data-provider="features" finished-at="2020-01-12T05:03:17Z">
          <params>
            <param index="0">
              <value>
                <![CDATA["To test valid login functionality of elearning app"]]>
              </value>
            </param>
            <param index="1">
              <value>
                <![CDATA["To test the login functionality of the application"]]>
              </value>
            </param>
          </params>
          <reporter-output>
            <line>
              <![CDATA[Url is navigated]]>
            </line>
            <line>
              <![CDATA[Credentials entered]]>
            </line>
            <line>
              <![CDATA[Login button Clicked]]>
            </line>
          </reporter-output>
        </test-method> <!-- feature -->
        <test-method status="PASS" signature="tearDownClass()[pri:0, instance:Runner.TestRunner_LoginPage@1e127982]" name="tearDownClass" is-config="true" duration-ms="100" started-at="2020-01-12T05:03:17Z" finished-at="2020-01-12T05:03:17Z">
          <reporter-output>
          </reporter-output>
        </test-method> <!-- tearDownClass -->
      </class> <!-- Runner.TestRunner_LoginPage -->
    </test> <!-- Test -->
  </suite> <!-- Suite -->
</testng-results>
